<?xml version="1.0" encoding="UTF-8"?>
<testsuite name="me.mscandella.mga.library.controllers.IndexControllerTest" tests="1" skipped="0" failures="0" errors="0" timestamp="2018-01-14T17:32:47" hostname="rodopi" time="0.009">
  <properties/>
  <testcase name="shouldRedirectToCatalog" classname="me.mscandella.mga.library.controllers.IndexControllerTest" time="0.009"/>
  <system-out><![CDATA[2018-01-14 19:32:45.896  INFO 21967 --- [    Test worker] .b.t.a.w.s.WebMvcTestContextBootstrapper : Neither @ContextConfiguration nor @ContextHierarchy found for test class [me.mscandella.mga.library.controllers.IndexControllerTest], using SpringBootContextLoader
2018-01-14 19:32:45.898  INFO 21967 --- [    Test worker] o.s.t.c.support.AbstractContextLoader    : Could not detect default resource locations for test class [me.mscandella.mga.library.controllers.IndexControllerTest]: no resource found for suffixes {-context.xml, Context.groovy}.
2018-01-14 19:32:45.902  INFO 21967 --- [    Test worker] t.c.s.AnnotationConfigContextLoaderUtils : Could not detect default configuration classes for test class [me.mscandella.mga.library.controllers.IndexControllerTest]: IndexControllerTest does not declare any static, non-private, non-final, nested classes annotated with @Configuration.
2018-01-14 19:32:45.921  INFO 21967 --- [    Test worker] .b.t.c.SpringBootTestContextBootstrapper : Found @SpringBootConfiguration me.mscandella.mga.library.MgaLibraryApplication for test class me.mscandella.mga.library.controllers.IndexControllerTest
2018-01-14 19:32:45.926  INFO 21967 --- [    Test worker] .b.t.a.w.s.WebMvcTestContextBootstrapper : Loaded default TestExecutionListener class names from location [META-INF/spring.factories]: [org.springframework.boot.test.mock.mockito.MockitoTestExecutionListener, org.springframework.boot.test.mock.mockito.ResetMocksTestExecutionListener, org.springframework.boot.test.autoconfigure.restdocs.RestDocsTestExecutionListener, org.springframework.boot.test.autoconfigure.web.client.MockRestServiceServerResetTestExecutionListener, org.springframework.boot.test.autoconfigure.web.servlet.MockMvcPrintOnlyOnFailureTestExecutionListener, org.springframework.boot.test.autoconfigure.web.servlet.WebDriverTestExecutionListener, org.springframework.test.context.web.ServletTestExecutionListener, org.springframework.test.context.support.DirtiesContextBeforeModesTestExecutionListener, org.springframework.test.context.support.DependencyInjectionTestExecutionListener, org.springframework.test.context.support.DirtiesContextTestExecutionListener, org.springframework.test.context.transaction.TransactionalTestExecutionListener, org.springframework.test.context.jdbc.SqlScriptsTestExecutionListener]
2018-01-14 19:32:45.930  INFO 21967 --- [    Test worker] .b.t.a.w.s.WebMvcTestContextBootstrapper : Using TestExecutionListeners: [org.springframework.test.context.web.ServletTestExecutionListener@5b73e500, org.springframework.test.context.support.DirtiesContextBeforeModesTestExecutionListener@7f04918e, org.springframework.boot.test.autoconfigure.SpringBootDependencyInjectionTestExecutionListener@206479c3, org.springframework.test.context.support.DirtiesContextTestExecutionListener@7e9c0b0f, org.springframework.test.context.transaction.TransactionalTestExecutionListener@3a83ba39, org.springframework.test.context.jdbc.SqlScriptsTestExecutionListener@6150d406, org.springframework.boot.test.mock.mockito.ResetMocksTestExecutionListener@62f9138e, org.springframework.boot.test.autoconfigure.web.client.MockRestServiceServerResetTestExecutionListener@7ca3a8ad, org.springframework.boot.test.autoconfigure.web.servlet.WebDriverTestExecutionListener@5bd69772, org.springframework.boot.test.autoconfigure.restdocs.RestDocsTestExecutionListener@3cc198ea, org.springframework.boot.test.autoconfigure.web.servlet.MockMvcPrintOnlyOnFailureTestExecutionListener@160e999f, org.springframework.boot.test.mock.mockito.MockitoTestExecutionListener@7709ad33]

  .   ____          _            __ _ _
 /\\ / ___'_ __ _ _(_)_ __  __ _ \ \ \ \
( ( )\___ | '_ | '_| | '_ \/ _` | \ \ \ \
 \\/  ___)| |_)| | | | | || (_| |  ) ) ) )
  '  |____| .__|_| |_|_| |_\__, | / / / /
 =========|_|==============|___/=/_/_/_/
 :: Spring Boot ::        (v1.5.1.RELEASE)

2018-01-14 19:32:46.003  INFO 21967 --- [    Test worker] m.m.m.l.controllers.IndexControllerTest  : Starting IndexControllerTest on rodopi with PID 21967 (started by joro in /home/joro/dev/learning/mga-library-monolith)
2018-01-14 19:32:46.008  INFO 21967 --- [    Test worker] m.m.m.l.controllers.IndexControllerTest  : No active profile set, falling back to default profiles: default
2018-01-14 19:32:46.018  INFO 21967 --- [    Test worker] o.s.w.c.s.GenericWebApplicationContext   : Refreshing org.springframework.web.context.support.GenericWebApplicationContext@9b97665: startup date [Sun Jan 14 19:32:46 EET 2018]; root of context hierarchy
2018-01-14 19:32:46.419  INFO 21967 --- [    Test worker] trationDelegate$BeanPostProcessorChecker : Bean 'org.springframework.boot.autoconfigure.validation.ValidationAutoConfiguration' of type [class org.springframework.boot.autoconfigure.validation.ValidationAutoConfiguration] is not eligible for getting processed by all BeanPostProcessors (for example: not eligible for auto-proxying)
2018-01-14 19:32:46.430  INFO 21967 --- [    Test worker] trationDelegate$BeanPostProcessorChecker : Bean 'validator' of type [class org.springframework.validation.beanvalidation.LocalValidatorFactoryBean] is not eligible for getting processed by all BeanPostProcessors (for example: not eligible for auto-proxying)
2018-01-14 19:32:46.704  INFO 21967 --- [    Test worker] s.w.s.m.m.a.RequestMappingHandlerAdapter : Looking for @ControllerAdvice: org.springframework.web.context.support.GenericWebApplicationContext@9b97665: startup date [Sun Jan 14 19:32:46 EET 2018]; root of context hierarchy
2018-01-14 19:32:46.728  INFO 21967 --- [    Test worker] s.w.s.m.m.a.RequestMappingHandlerMapping : Mapped "{[/]}" onto public java.lang.String me.mscandella.mga.library.controllers.IndexController.index()
2018-01-14 19:32:46.730  INFO 21967 --- [    Test worker] s.w.s.m.m.a.RequestMappingHandlerMapping : Mapped "{[/error],produces=[text/html]}" onto public org.springframework.web.servlet.ModelAndView org.springframework.boot.autoconfigure.web.BasicErrorController.errorHtml(javax.servlet.http.HttpServletRequest,javax.servlet.http.HttpServletResponse)
2018-01-14 19:32:46.733  INFO 21967 --- [    Test worker] s.w.s.m.m.a.RequestMappingHandlerMapping : Mapped "{[/error]}" onto public org.springframework.http.ResponseEntity<java.util.Map<java.lang.String, java.lang.Object>> org.springframework.boot.autoconfigure.web.BasicErrorController.error(javax.servlet.http.HttpServletRequest)
2018-01-14 19:32:46.785  INFO 21967 --- [    Test worker] o.s.w.s.handler.SimpleUrlHandlerMapping  : Mapped URL path [/webjars/**] onto handler of type [class org.springframework.web.servlet.resource.ResourceHttpRequestHandler]
2018-01-14 19:32:46.785  INFO 21967 --- [    Test worker] o.s.w.s.handler.SimpleUrlHandlerMapping  : Mapped URL path [/**] onto handler of type [class org.springframework.web.servlet.resource.ResourceHttpRequestHandler]
2018-01-14 19:32:46.852  INFO 21967 --- [    Test worker] o.s.w.s.handler.SimpleUrlHandlerMapping  : Mapped URL path [/**/favicon.ico] onto handler of type [class org.springframework.web.servlet.resource.ResourceHttpRequestHandler]
2018-01-14 19:32:46.996  INFO 21967 --- [    Test worker] o.s.b.t.m.w.SpringBootMockServletContext : Initializing Spring FrameworkServlet ''
2018-01-14 19:32:46.997  INFO 21967 --- [    Test worker] o.s.t.web.servlet.TestDispatcherServlet  : FrameworkServlet '': initialization started
2018-01-14 19:32:47.008  INFO 21967 --- [    Test worker] o.s.t.web.servlet.TestDispatcherServlet  : FrameworkServlet '': initialization completed in 10 ms
2018-01-14 19:32:47.103  INFO 21967 --- [    Test worker] m.m.m.l.controllers.IndexControllerTest  : Started IndexControllerTest in 1.162 seconds (JVM running for 15.868)
]]></system-out>
  <system-err><![CDATA[]]></system-err>
</testsuite>
