<?xml version="1.0" encoding="UTF-8"?>
<testsuite name="me.mscandella.mga.library.controllers.CatalogControllerTest" tests="2" skipped="0" failures="0" errors="0" timestamp="2018-01-14T17:32:45" hostname="rodopi" time="0.231">
  <properties/>
  <testcase name="shouldReturnAListOfBooks" classname="me.mscandella.mga.library.controllers.CatalogControllerTest" time="0.192"/>
  <testcase name="shouldModifyTheAvailabilityOfTheBookFromAvailableToNot" classname="me.mscandella.mga.library.controllers.CatalogControllerTest" time="0.037"/>
  <system-out><![CDATA[2018-01-14 19:32:44.269  INFO 21967 --- [    Test worker] .b.t.a.w.s.WebMvcTestContextBootstrapper : Neither @ContextConfiguration nor @ContextHierarchy found for test class [me.mscandella.mga.library.controllers.CatalogControllerTest], using SpringBootContextLoader
2018-01-14 19:32:44.272  INFO 21967 --- [    Test worker] o.s.t.c.support.AbstractContextLoader    : Could not detect default resource locations for test class [me.mscandella.mga.library.controllers.CatalogControllerTest]: no resource found for suffixes {-context.xml, Context.groovy}.
2018-01-14 19:32:44.278  INFO 21967 --- [    Test worker] t.c.s.AnnotationConfigContextLoaderUtils : Could not detect default configuration classes for test class [me.mscandella.mga.library.controllers.CatalogControllerTest]: CatalogControllerTest does not declare any static, non-private, non-final, nested classes annotated with @Configuration.
2018-01-14 19:32:44.325  INFO 21967 --- [    Test worker] .b.t.c.SpringBootTestContextBootstrapper : Found @SpringBootConfiguration me.mscandella.mga.library.MgaLibraryApplication for test class me.mscandella.mga.library.controllers.CatalogControllerTest
2018-01-14 19:32:44.331  INFO 21967 --- [    Test worker] .b.t.a.w.s.WebMvcTestContextBootstrapper : Loaded default TestExecutionListener class names from location [META-INF/spring.factories]: [org.springframework.boot.test.mock.mockito.MockitoTestExecutionListener, org.springframework.boot.test.mock.mockito.ResetMocksTestExecutionListener, org.springframework.boot.test.autoconfigure.restdocs.RestDocsTestExecutionListener, org.springframework.boot.test.autoconfigure.web.client.MockRestServiceServerResetTestExecutionListener, org.springframework.boot.test.autoconfigure.web.servlet.MockMvcPrintOnlyOnFailureTestExecutionListener, org.springframework.boot.test.autoconfigure.web.servlet.WebDriverTestExecutionListener, org.springframework.test.context.web.ServletTestExecutionListener, org.springframework.test.context.support.DirtiesContextBeforeModesTestExecutionListener, org.springframework.test.context.support.DependencyInjectionTestExecutionListener, org.springframework.test.context.support.DirtiesContextTestExecutionListener, org.springframework.test.context.transaction.TransactionalTestExecutionListener, org.springframework.test.context.jdbc.SqlScriptsTestExecutionListener]
2018-01-14 19:32:44.340  INFO 21967 --- [    Test worker] .b.t.a.w.s.WebMvcTestContextBootstrapper : Using TestExecutionListeners: [org.springframework.test.context.web.ServletTestExecutionListener@435fd1f6, org.springframework.test.context.support.DirtiesContextBeforeModesTestExecutionListener@2defbed3, org.springframework.boot.test.autoconfigure.SpringBootDependencyInjectionTestExecutionListener@7ebb6fd0, org.springframework.test.context.support.DirtiesContextTestExecutionListener@ccd4523, org.springframework.test.context.transaction.TransactionalTestExecutionListener@3120f52d, org.springframework.test.context.jdbc.SqlScriptsTestExecutionListener@61e9ccfc, org.springframework.boot.test.mock.mockito.ResetMocksTestExecutionListener@4409fafe, org.springframework.boot.test.autoconfigure.web.client.MockRestServiceServerResetTestExecutionListener@228b5b01, org.springframework.boot.test.autoconfigure.web.servlet.WebDriverTestExecutionListener@14345be0, org.springframework.boot.test.autoconfigure.restdocs.RestDocsTestExecutionListener@3b15ebb6, org.springframework.boot.test.autoconfigure.web.servlet.MockMvcPrintOnlyOnFailureTestExecutionListener@30403820, org.springframework.boot.test.mock.mockito.MockitoTestExecutionListener@48eb2e7a]

  .   ____          _            __ _ _
 /\\ / ___'_ __ _ _(_)_ __  __ _ \ \ \ \
( ( )\___ | '_ | '_| | '_ \/ _` | \ \ \ \
 \\/  ___)| |_)| | | | | || (_| |  ) ) ) )
  '  |____| .__|_| |_|_| |_\__, | / / / /
 =========|_|==============|___/=/_/_/_/
 :: Spring Boot ::        (v1.5.1.RELEASE)

2018-01-14 19:32:44.406  INFO 21967 --- [    Test worker] m.m.m.l.c.CatalogControllerTest          : Starting CatalogControllerTest on rodopi with PID 21967 (started by joro in /home/joro/dev/learning/mga-library-monolith)
2018-01-14 19:32:44.408  INFO 21967 --- [    Test worker] m.m.m.l.c.CatalogControllerTest          : No active profile set, falling back to default profiles: default
2018-01-14 19:32:44.419  INFO 21967 --- [    Test worker] o.s.w.c.s.GenericWebApplicationContext   : Refreshing org.springframework.web.context.support.GenericWebApplicationContext@7ee3e0ea: startup date [Sun Jan 14 19:32:44 EET 2018]; root of context hierarchy
2018-01-14 19:32:44.864  INFO 21967 --- [    Test worker] trationDelegate$BeanPostProcessorChecker : Bean 'org.springframework.boot.autoconfigure.validation.ValidationAutoConfiguration' of type [class org.springframework.boot.autoconfigure.validation.ValidationAutoConfiguration] is not eligible for getting processed by all BeanPostProcessors (for example: not eligible for auto-proxying)
2018-01-14 19:32:44.880  INFO 21967 --- [    Test worker] trationDelegate$BeanPostProcessorChecker : Bean 'validator' of type [class org.springframework.validation.beanvalidation.LocalValidatorFactoryBean] is not eligible for getting processed by all BeanPostProcessors (for example: not eligible for auto-proxying)
2018-01-14 19:32:45.183  INFO 21967 --- [    Test worker] s.w.s.m.m.a.RequestMappingHandlerAdapter : Looking for @ControllerAdvice: org.springframework.web.context.support.GenericWebApplicationContext@7ee3e0ea: startup date [Sun Jan 14 19:32:44 EET 2018]; root of context hierarchy
2018-01-14 19:32:45.216  INFO 21967 --- [    Test worker] s.w.s.m.m.a.RequestMappingHandlerMapping : Mapped "{[/catalog/borrow],methods=[POST]}" onto public java.lang.String me.mscandella.mga.library.controllers.CatalogController.borrow(me.mscandella.mga.library.models.BorrowData)
2018-01-14 19:32:45.217  INFO 21967 --- [    Test worker] s.w.s.m.m.a.RequestMappingHandlerMapping : Mapped "{[/catalog]}" onto public java.lang.String me.mscandella.mga.library.controllers.CatalogController.catalog(org.springframework.ui.ModelMap)
2018-01-14 19:32:45.221  INFO 21967 --- [    Test worker] s.w.s.m.m.a.RequestMappingHandlerMapping : Mapped "{[/error],produces=[text/html]}" onto public org.springframework.web.servlet.ModelAndView org.springframework.boot.autoconfigure.web.BasicErrorController.errorHtml(javax.servlet.http.HttpServletRequest,javax.servlet.http.HttpServletResponse)
2018-01-14 19:32:45.222  INFO 21967 --- [    Test worker] s.w.s.m.m.a.RequestMappingHandlerMapping : Mapped "{[/error]}" onto public org.springframework.http.ResponseEntity<java.util.Map<java.lang.String, java.lang.Object>> org.springframework.boot.autoconfigure.web.BasicErrorController.error(javax.servlet.http.HttpServletRequest)
2018-01-14 19:32:45.272  INFO 21967 --- [    Test worker] o.s.w.s.handler.SimpleUrlHandlerMapping  : Mapped URL path [/webjars/**] onto handler of type [class org.springframework.web.servlet.resource.ResourceHttpRequestHandler]
2018-01-14 19:32:45.274  INFO 21967 --- [    Test worker] o.s.w.s.handler.SimpleUrlHandlerMapping  : Mapped URL path [/**] onto handler of type [class org.springframework.web.servlet.resource.ResourceHttpRequestHandler]
2018-01-14 19:32:45.328  INFO 21967 --- [    Test worker] o.s.w.s.handler.SimpleUrlHandlerMapping  : Mapped URL path [/**/favicon.ico] onto handler of type [class org.springframework.web.servlet.resource.ResourceHttpRequestHandler]
2018-01-14 19:32:45.514  INFO 21967 --- [    Test worker] o.s.b.t.m.w.SpringBootMockServletContext : Initializing Spring FrameworkServlet ''
2018-01-14 19:32:45.515  INFO 21967 --- [    Test worker] o.s.t.web.servlet.TestDispatcherServlet  : FrameworkServlet '': initialization started
2018-01-14 19:32:45.529  INFO 21967 --- [    Test worker] o.s.t.web.servlet.TestDispatcherServlet  : FrameworkServlet '': initialization completed in 14 ms
2018-01-14 19:32:45.645  INFO 21967 --- [    Test worker] m.m.m.l.c.CatalogControllerTest          : Started CatalogControllerTest in 1.296 seconds (JVM running for 14.41)
]]></system-out>
  <system-err><![CDATA[]]></system-err>
</testsuite>
